     4>D:\projects\misis2023f-23-check\misis2024s-23-18-chashin-m-y\prj.check\prj.check\doctest_bitset\doctest_bitset_moveable.cpp(3,10): error C1083: Cannot open include file: 'bitset/bitset.hpp': No such file or directory [D:\projects\misis2023f-23-check\misis2024s-23-18-chashin-m-y\build.check\prj.check\prj.check\doctest_bitset\doctest_bitset_m.vcxproj]
     5>D:\projects\misis2023f-23-check\misis2024s-23-18-chashin-m-y\prj.check\prj.check\doctest_bitset\doctest_bitset.cpp(3,10): error C1083: Cannot open include file: 'bitset/bitset.hpp': No such file or directory [D:\projects\misis2023f-23-check\misis2024s-23-18-chashin-m-y\build.check\prj.check\prj.check\doctest_bitset\doctest_bitset.vcxproj]
     8>D:\projects\misis2023f-23-check\misis2024s-23-18-chashin-m-y\prj.check\prj.check\doctest_queuearr\doctest_queuearr.cpp(3,10): error C1083: Cannot open include file: 'queuearr/queuearr.hpp': No such file or directory [D:\projects\misis2023f-23-check\misis2024s-23-18-chashin-m-y\build.check\prj.check\prj.check\doctest_queuearr\doctest_queuearr.vcxproj]
     7>D:\projects\misis2023f-23-check\misis2024s-23-18-chashin-m-y\prj.check\prj.check\doctest_queuelstpr\doctest_queuelstpr.cpp(3,10): error C1083: Cannot open include file: 'queuelstpr/queuelstpr.hpp': No such file or directory [D:\projects\misis2023f-23-check\misis2024s-23-18-chashin-m-y\build.check\prj.check\prj.check\doctest_queuelstpr\doctest_queuelstpr.vcxproj]
     9>D:\projects\misis2023f-23-check\misis2024s-23-18-chashin-m-y\prj.check\prj.check\doctest_queuearr\doctest_queuearr_moveable.cpp(3,10): error C1083: Cannot open include file: 'queuearr/queuearr.hpp': No such file or directory [D:\projects\misis2023f-23-check\misis2024s-23-18-chashin-m-y\build.check\prj.check\prj.check\doctest_queuearr\doctest_queuearr_m.vcxproj]
    10>D:\projects\misis2023f-23-check\misis2024s-23-18-chashin-m-y\prj.check\prj.check\doctest_queuelstpr\doctest_queuelstpr_moveable.cpp(3,10): error C1083: Cannot open include file: 'queuelstpr/queuelstpr.hpp': No such file or directory [D:\projects\misis2023f-23-check\misis2024s-23-18-chashin-m-y\build.check\prj.check\prj.check\doctest_queuelstpr\doctest_queuelstpr_m.vcxproj]
    31>D:\projects\misis2023f-23-check\misis2024s-23-18-chashin-m-y\prj.test\test_complex.cpp(69,41): error C2039: 'abs': is not a member of 'Complex' [D:\projects\misis2023f-23-check\misis2024s-23-18-chashin-m-y\build.check\prj.test\test_complex.vcxproj]
    31>D:\projects\misis2023f-23-check\misis2024s-23-18-chashin-m-y\prj.test\test_complex.cpp(71,42): error C3861: 'argument': identifier not found [D:\projects\misis2023f-23-check\misis2024s-23-18-chashin-m-y\build.check\prj.test\test_complex.vcxproj]
    31>D:\projects\misis2023f-23-check\misis2024s-23-18-chashin-m-y\prj.test\test_complex.cpp(72,46): error C2039: 'argument': is not a member of 'Complex' [D:\projects\misis2023f-23-check\misis2024s-23-18-chashin-m-y\build.check\prj.test\test_complex.vcxproj]
    31>D:\projects\misis2023f-23-check\misis2024s-23-18-chashin-m-y\prj.test\test_complex.cpp(74,44): error C3861: 'conjugate': identifier not found [D:\projects\misis2023f-23-check\misis2024s-23-18-chashin-m-y\build.check\prj.test\test_complex.vcxproj]
    31>D:\projects\misis2023f-23-check\misis2024s-23-18-chashin-m-y\prj.test\test_complex.cpp(75,4): error C2039: 'conjugate': is not a member of 'Complex' [D:\projects\misis2023f-23-check\misis2024s-23-18-chashin-m-y\build.check\prj.test\test_complex.vcxproj]
    31>D:\projects\misis2023f-23-check\misis2024s-23-18-chashin-m-y\prj.test\test_complex.cpp(83,4): error C2039: 'pow': is not a member of 'Complex' [D:\projects\misis2023f-23-check\misis2024s-23-18-chashin-m-y\build.check\prj.test\test_complex.vcxproj]
    31>D:\projects\misis2023f-23-check\misis2024s-23-18-chashin-m-y\prj.test\test_complex.cpp(87,39): error C2661: 'sqrt': no overloaded function takes 2 arguments [D:\projects\misis2023f-23-check\misis2024s-23-18-chashin-m-y\build.check\prj.test\test_complex.vcxproj]
    31>D:\projects\misis2023f-23-check\misis2024s-23-18-chashin-m-y\prj.test\test_complex.cpp(87,36): error C2088: '<<': illegal for class [D:\projects\misis2023f-23-check\misis2024s-23-18-chashin-m-y\build.check\prj.test\test_complex.vcxproj]
    31>D:\projects\misis2023f-23-check\misis2024s-23-18-chashin-m-y\prj.test\test_complex.cpp(88,4): error C2039: 'sqrt': is not a member of 'Complex' [D:\projects\misis2023f-23-check\misis2024s-23-18-chashin-m-y\build.check\prj.test\test_complex.vcxproj]
    31>D:\projects\misis2023f-23-check\misis2024s-23-18-chashin-m-y\prj.test\test_complex.cpp(99,48): error C2676: binary '>': 'Complex' does not define this operator or a conversion to a type acceptable to the predefined operator [D:\projects\misis2023f-23-check\misis2024s-23-18-chashin-m-y\build.check\prj.test\test_complex.vcxproj]
    31>D:\projects\misis2023f-23-check\misis2024s-23-18-chashin-m-y\prj.test\test_complex.cpp(100,48): error C2676: binary '<': 'Complex' does not define this operator or a conversion to a type acceptable to the predefined operator [D:\projects\misis2023f-23-check\misis2024s-23-18-chashin-m-y\build.check\prj.test\test_complex.vcxproj]
    31>D:\projects\misis2023f-23-check\misis2024s-23-18-chashin-m-y\prj.test\test_complex.cpp(101,49): error C2676: binary '>=': 'Complex' does not define this operator or a conversion to a type acceptable to the predefined operator [D:\projects\misis2023f-23-check\misis2024s-23-18-chashin-m-y\build.check\prj.test\test_complex.vcxproj]
    31>D:\projects\misis2023f-23-check\misis2024s-23-18-chashin-m-y\prj.test\test_complex.cpp(102,49): error C2676: binary '<=': 'Complex' does not define this operator or a conversion to a type acceptable to the predefined operator [D:\projects\misis2023f-23-check\misis2024s-23-18-chashin-m-y\build.check\prj.test\test_complex.vcxproj]
    33>test_queuearr.obj : error LNK2019: unresolved external symbol "public: __cdecl QueueArr::QueueArr(class QueueArr const &)" (??0QueueArr@@QEAA@AEBV0@@Z) referenced in function "void __cdecl DOCTEST_ANON_FUNC_15(void)" (?DOCTEST_ANON_FUNC_15@@YAXXZ) [D:\projects\misis2023f-23-check\misis2024s-23-18-chashin-m-y\build.check\prj.test\test_queuearr.vcxproj]
    33>test_queuearr.obj : error LNK2019: unresolved external symbol "public: class QueueArr & __cdecl QueueArr::operator=(class QueueArr const &)" (??4QueueArr@@QEAAAEAV0@AEBV0@@Z) referenced in function "void __cdecl DOCTEST_ANON_FUNC_15(void)" (?DOCTEST_ANON_FUNC_15@@YAXXZ) [D:\projects\misis2023f-23-check\misis2024s-23-18-chashin-m-y\build.check\prj.test\test_queuearr.vcxproj]
    33>test_queuearr.obj : error LNK2019: unresolved external symbol "public: void __cdecl QueueArr::Push(struct Complex const &)" (?Push@QueueArr@@QEAAXAEBUComplex@@@Z) referenced in function "void __cdecl DOCTEST_ANON_FUNC_15(void)" (?DOCTEST_ANON_FUNC_15@@YAXXZ) [D:\projects\misis2023f-23-check\misis2024s-23-18-chashin-m-y\build.check\prj.test\test_queuearr.vcxproj]
    33>test_queuearr.obj : error LNK2019: unresolved external symbol "public: void __cdecl QueueArr::Pop(void)" (?Pop@QueueArr@@QEAAXXZ) referenced in function "void __cdecl DOCTEST_ANON_FUNC_15(void)" (?DOCTEST_ANON_FUNC_15@@YAXXZ) [D:\projects\misis2023f-23-check\misis2024s-23-18-chashin-m-y\build.check\prj.test\test_queuearr.vcxproj]
    33>test_queuearr.obj : error LNK2019: unresolved external symbol "public: bool __cdecl QueueArr::IsEmpty(void)" (?IsEmpty@QueueArr@@QEAA_NXZ) referenced in function "void __cdecl DOCTEST_ANON_FUNC_15(void)" (?DOCTEST_ANON_FUNC_15@@YAXXZ) [D:\projects\misis2023f-23-check\misis2024s-23-18-chashin-m-y\build.check\prj.test\test_queuearr.vcxproj]
    33>test_queuearr.obj : error LNK2019: unresolved external symbol "public: struct Complex & __cdecl QueueArr::Top(void)" (?Top@QueueArr@@QEAAAEAUComplex@@XZ) referenced in function "void __cdecl DOCTEST_ANON_FUNC_15(void)" (?DOCTEST_ANON_FUNC_15@@YAXXZ) [D:\projects\misis2023f-23-check\misis2024s-23-18-chashin-m-y\build.check\prj.test\test_queuearr.vcxproj]
    33>test_queuearr.obj : error LNK2019: unresolved external symbol "public: void __cdecl QueueArr::Clear(void)" (?Clear@QueueArr@@QEAAXXZ) referenced in function "void __cdecl DOCTEST_ANON_FUNC_15(void)" (?DOCTEST_ANON_FUNC_15@@YAXXZ) [D:\projects\misis2023f-23-check\misis2024s-23-18-chashin-m-y\build.check\prj.test\test_queuearr.vcxproj]
    33>D:\projects\misis2023f-23-check\misis2024s-23-18-chashin-m-y\build.check\prj.test\bin.rel\test_queuearr.exe : fatal error LNK1120: 7 unresolved externals [D:\projects\misis2023f-23-check\misis2024s-23-18-chashin-m-y\build.check\prj.test\test_queuearr.vcxproj]
    12>doctest_queuelst.obj : error LNK2019: unresolved external symbol "public: class std::basic_ostream<char,struct std::char_traits<char> > & __cdecl Complex::writeTo(class std::basic_ostream<char,struct std::char_traits<char> > &)const " (?writeTo@Complex@@QEBAAEAV?$basic_ostream@DU?$char_traits@D@std@@@std@@AEAV23@@Z) referenced in function "void __cdecl doctest::detail::filloss<struct Complex>(class std::basic_ostream<char,struct std::char_traits<char> > *,struct Complex const &)" (??$filloss@UComplex@@@detail@doctest@@YAXPEAV?$basic_ostream@DU?$char_traits@D@std@@@std@@AEBUComplex@@@Z) [D:\projects\misis2023f-23-check\misis2024s-23-18-chashin-m-y\build.check\prj.check\prj.check\doctest_queuelst\doctest_queuelst.vcxproj]
    12>doctest_queuelst.obj : error LNK2019: unresolved external symbol "bool __cdecl operator==(struct Complex const &,struct Complex const &)" (??8@YA_NAEBUComplex@@0@Z) referenced in function "public: bool __cdecl doctest::detail::ResultBuilder::binary_assert<0,struct Complex,struct Complex>(struct Complex const &,struct Complex const &)" (??$binary_assert@$0A@UComplex@@U1@@ResultBuilder@detail@doctest@@QEAA_NAEBUComplex@@0@Z) [D:\projects\misis2023f-23-check\misis2024s-23-18-chashin-m-y\build.check\prj.check\prj.check\doctest_queuelst\doctest_queuelst.vcxproj]
    12>doctest_queuelst.obj : error LNK2019: unresolved external symbol "bool __cdecl operator!=(struct Complex const &,struct Complex const &)" (??9@YA_NAEBUComplex@@0@Z) referenced in function "public: bool __cdecl doctest::detail::ResultBuilder::binary_assert<1,struct Complex,struct Complex>(struct Complex const &,struct Complex const &)" (??$binary_assert@$00UComplex@@U1@@ResultBuilder@detail@doctest@@QEAA_NAEBUComplex@@0@Z) [D:\projects\misis2023f-23-check\misis2024s-23-18-chashin-m-y\build.check\prj.check\prj.check\doctest_queuelst\doctest_queuelst.vcxproj]
    12>D:\projects\misis2023f-23-check\misis2024s-23-18-chashin-m-y\bin.check\doctest_queuelst.exe : fatal error LNK1120: 3 unresolved externals [D:\projects\misis2023f-23-check\misis2024s-23-18-chashin-m-y\build.check\prj.check\prj.check\doctest_queuelst\doctest_queuelst.vcxproj]
    26>doctest_stackarr.obj : error LNK2019: unresolved external symbol "public: class std::basic_ostream<char,struct std::char_traits<char> > & __cdecl Complex::writeTo(class std::basic_ostream<char,struct std::char_traits<char> > &)const " (?writeTo@Complex@@QEBAAEAV?$basic_ostream@DU?$char_traits@D@std@@@std@@AEAV23@@Z) referenced in function "void __cdecl doctest::detail::filloss<struct Complex>(class std::basic_ostream<char,struct std::char_traits<char> > *,struct Complex const &)" (??$filloss@UComplex@@@detail@doctest@@YAXPEAV?$basic_ostream@DU?$char_traits@D@std@@@std@@AEBUComplex@@@Z) [D:\projects\misis2023f-23-check\misis2024s-23-18-chashin-m-y\build.check\prj.check\prj.check\doctest_stackarr\doctest_stackarr.vcxproj]
    26>doctest_stackarr.obj : error LNK2019: unresolved external symbol "bool __cdecl operator==(struct Complex const &,struct Complex const &)" (??8@YA_NAEBUComplex@@0@Z) referenced in function "public: bool __cdecl doctest::detail::ResultBuilder::binary_assert<0,struct Complex,struct Complex>(struct Complex const &,struct Complex const &)" (??$binary_assert@$0A@UComplex@@U1@@ResultBuilder@detail@doctest@@QEAA_NAEBUComplex@@0@Z) [D:\projects\misis2023f-23-check\misis2024s-23-18-chashin-m-y\build.check\prj.check\prj.check\doctest_stackarr\doctest_stackarr.vcxproj]
    26>doctest_stackarr.obj : error LNK2019: unresolved external symbol "bool __cdecl operator!=(struct Complex const &,struct Complex const &)" (??9@YA_NAEBUComplex@@0@Z) referenced in function "public: bool __cdecl doctest::detail::ResultBuilder::binary_assert<1,struct Complex,struct Complex>(struct Complex const &,struct Complex const &)" (??$binary_assert@$00UComplex@@U1@@ResultBuilder@detail@doctest@@QEAA_NAEBUComplex@@0@Z) [D:\projects\misis2023f-23-check\misis2024s-23-18-chashin-m-y\build.check\prj.check\prj.check\doctest_stackarr\doctest_stackarr.vcxproj]
    26>D:\projects\misis2023f-23-check\misis2024s-23-18-chashin-m-y\bin.check\doctest_stackarr.exe : fatal error LNK1120: 3 unresolved externals [D:\projects\misis2023f-23-check\misis2024s-23-18-chashin-m-y\build.check\prj.check\prj.check\doctest_stackarr\doctest_stackarr.vcxproj]
    25>doctest_stacklst.obj : error LNK2019: unresolved external symbol "public: class std::basic_ostream<char,struct std::char_traits<char> > & __cdecl Complex::writeTo(class std::basic_ostream<char,struct std::char_traits<char> > &)const " (?writeTo@Complex@@QEBAAEAV?$basic_ostream@DU?$char_traits@D@std@@@std@@AEAV23@@Z) referenced in function "void __cdecl doctest::detail::filloss<struct Complex>(class std::basic_ostream<char,struct std::char_traits<char> > *,struct Complex const &)" (??$filloss@UComplex@@@detail@doctest@@YAXPEAV?$basic_ostream@DU?$char_traits@D@std@@@std@@AEBUComplex@@@Z) [D:\projects\misis2023f-23-check\misis2024s-23-18-chashin-m-y\build.check\prj.check\prj.check\doctest_stacklst\doctest_stacklst.vcxproj]
    25>doctest_stacklst.obj : error LNK2019: unresolved external symbol "bool __cdecl operator==(struct Complex const &,struct Complex const &)" (??8@YA_NAEBUComplex@@0@Z) referenced in function "public: bool __cdecl doctest::detail::ResultBuilder::binary_assert<0,struct Complex,struct Complex>(struct Complex const &,struct Complex const &)" (??$binary_assert@$0A@UComplex@@U1@@ResultBuilder@detail@doctest@@QEAA_NAEBUComplex@@0@Z) [D:\projects\misis2023f-23-check\misis2024s-23-18-chashin-m-y\build.check\prj.check\prj.check\doctest_stacklst\doctest_stacklst.vcxproj]
    25>doctest_stacklst.obj : error LNK2019: unresolved external symbol "bool __cdecl operator!=(struct Complex const &,struct Complex const &)" (??9@YA_NAEBUComplex@@0@Z) referenced in function "public: bool __cdecl doctest::detail::ResultBuilder::binary_assert<1,struct Complex,struct Complex>(struct Complex const &,struct Complex const &)" (??$binary_assert@$00UComplex@@U1@@ResultBuilder@detail@doctest@@QEAA_NAEBUComplex@@0@Z) [D:\projects\misis2023f-23-check\misis2024s-23-18-chashin-m-y\build.check\prj.check\prj.check\doctest_stacklst\doctest_stacklst.vcxproj]
    25>D:\projects\misis2023f-23-check\misis2024s-23-18-chashin-m-y\bin.check\doctest_stacklst.exe : fatal error LNK1120: 3 unresolved externals [D:\projects\misis2023f-23-check\misis2024s-23-18-chashin-m-y\build.check\prj.check\prj.check\doctest_stacklst\doctest_stacklst.vcxproj]
